[DEBUG] Model => Data/Models/gist-10000-1-c8.model
[DEBUG] Sample =>Data/Samples/gist-10000-1.test
[DEBUG] Setting up nn data structure (sample) ...
[DEBUG] Finding actual nn ...
[DEBUG] Setting up nn data structure (bits) ...
[DEBUG] Finding approximated nn (bits) ...
[DEBUG] Building reverse index ...
[DEBUG] Process (t:10000): 0 100 200 300 400 500 600 700 800 900 1000 1100 1200 1300 1400 1500 1600 1700 1800 1900 2000 2100 2200 2300 2400 2500 2600 2700 2800 2900 3000 3100 3200 3300 3400 3500 3600 3700 3800 3900 4000 4100 4200 4300 4400 4500 4600 4700 4800 4900 5000 5100 5200 5300 5400 5500 5600 5700 5800 5900 6000 6100 6200 6300 6400 6500 6600 6700 6800 6900 7000 7100 7200 7300 7400 7500 7600 7700 7800 7900 8000 8100 8200 8300 8400 8500 8600 8700 8800 8900 9000 9100 9200 9300 9400 9500 9600 9700 9800 9900 
[DEBUG] Duration:  516.982736826 seconds.

[MODEL, SAMPLE]: Data/Models/gist-10000-1-c8.model Data/Samples/gist-10000-1.test
[RESULT]  [(2, 0.000269), (4, 0.000394), (8, 0.000681), (16, 0.001693), (32, 0.003735), (64, 0.00742), (128, 0.014125), (256, 0.027373), (512, 0.054003), (1024, 0.108948), (2048, 0.225027), (4096, 0.413995), (8192, 0.818623), (16384, 1.0)]

[DEBUG] Sample =>Data/Samples/gist-10000-2.test
[DEBUG] Setting up nn data structure (sample) ...
[DEBUG] Finding actual nn ...
[DEBUG] Setting up nn data structure (bits) ...
[DEBUG] Finding approximated nn (bits) ...
[DEBUG] Building reverse index ...
[DEBUG] Process (t:10000): 0 100 200 300 400 500 600 700 800 900 1000 1100 1200 1300 1400 1500 1600 1700 1800 1900 2000 2100 2200 2300 2400 2500 2600 2700 2800 2900 3000 3100 3200 3300 3400 3500 3600 3700 3800 3900 4000 4100 4200 4300 4400 4500 4600 4700 4800 4900 5000 5100 5200 5300 5400 5500 5600 5700 5800 5900 6000 6100 6200 6300 6400 6500 6600 6700 6800 6900 7000 7100 7200 7300 7400 7500 7600 7700 7800 7900 8000 8100 8200 8300 8400 8500 8600 8700 8800 8900 9000 9100 9200 9300 9400 9500 9600 9700 9800 9900 
[DEBUG] Duration:  520.541880131 seconds.

[MODEL, SAMPLE]: Data/Models/gist-10000-1-c8.model Data/Samples/gist-10000-2.test
[RESULT]  [(2, 0.000166), (4, 0.00037), (8, 0.000631), (16, 0.001318), (32, 0.003219), (64, 0.006197), (128, 0.013166), (256, 0.027109), (512, 0.055217), (1024, 0.110318), (2048, 0.222363), (4096, 0.407734), (8192, 0.796697), (16384, 1.0)]

[DEBUG] Sample =>Data/Samples/gist-10000-3.test
[DEBUG] Setting up nn data structure (sample) ...
[DEBUG] Finding actual nn ...
[DEBUG] Setting up nn data structure (bits) ...
[DEBUG] Finding approximated nn (bits) ...
[DEBUG] Building reverse index ...
[DEBUG] Process (t:10000): 0 100 200 300 400 500 600 700 800 900 1000 1100 1200 1300 1400 1500 1600 1700 1800 1900 2000 2100 2200 2300 2400 2500 2600 2700 2800 2900 3000 3100 3200 3300 3400 3500 3600 3700 3800 3900 4000 4100 4200 4300 4400 4500 4600 4700 4800 4900 5000 5100 5200 5300 5400 5500 5600 5700 5800 5900 6000 6100 6200 6300 6400 6500 6600 6700 6800 6900 7000 7100 7200 7300 7400 7500 7600 7700 7800 7900 8000 8100 8200 8300 8400 8500 8600 8700 8800 8900 9000 9100 9200 9300 9400 9500 9600 9700 9800 9900 
[DEBUG] Duration:  520.661667109 seconds.

[MODEL, SAMPLE]: Data/Models/gist-10000-1-c8.model Data/Samples/gist-10000-3.test
[RESULT]  [(2, 0.000151), (4, 0.000241), (8, 0.000728), (16, 0.00159), (32, 0.003418), (64, 0.006409), (128, 0.012255), (256, 0.02521), (512, 0.053795), (1024, 0.111103), (2048, 0.229874), (4096, 0.413075), (8192, 0.792125), (16384, 1.0)]

[DEBUG] Sample =>Data/Samples/gist-10000-4.test
[DEBUG] Setting up nn data structure (sample) ...
[DEBUG] Finding actual nn ...
[DEBUG] Setting up nn data structure (bits) ...
[DEBUG] Finding approximated nn (bits) ...
[DEBUG] Building reverse index ...
[DEBUG] Process (t:10000): 0 100 200 300 400 500 600 700 800 900 1000 1100 1200 1300 1400 1500 1600 1700 1800 1900 2000 2100 2200 2300 2400 2500 2600 2700 2800 2900 3000 3100 3200 3300 3400 3500 3600 3700 3800 3900 4000 4100 4200 4300 4400 4500 4600 4700 4800 4900 5000 5100 5200 5300 5400 5500 5600 5700 5800 5900 6000 6100 6200 6300 6400 6500 6600 6700 6800 6900 7000 7100 7200 7300 7400 7500 7600 7700 7800 7900 8000 8100 8200 8300 8400 8500 8600 8700 8800 8900 9000 9100 9200 9300 9400 9500 9600 9700 9800 9900 
[DEBUG] Duration:  491.0523839 seconds.

[MODEL, SAMPLE]: Data/Models/gist-10000-1-c8.model Data/Samples/gist-10000-4.test
[RESULT]  [(2, 0.000531), (4, 0.001137), (8, 0.002664), (16, 0.004927), (32, 0.009139), (64, 0.017823), (128, 0.032531), (256, 0.061834), (512, 0.107203), (1024, 0.161756), (2048, 0.261049), (4096, 0.451428), (8192, 0.80731), (16384, 1.0)]

[DEBUG] Sample =>Data/Samples/gist-10000-5.test
[DEBUG] Setting up nn data structure (sample) ...
[DEBUG] Finding actual nn ...
[DEBUG] Setting up nn data structure (bits) ...
[DEBUG] Finding approximated nn (bits) ...
[DEBUG] Building reverse index ...
[DEBUG] Process (t:10000): 0 100 200 300 400 500 600 700 800 900 1000 1100 1200 1300 1400 1500 1600 1700 1800 1900 2000 2100 2200 2300 2400 2500 2600 2700 2800 2900 3000 3100 3200 3300 3400 3500 3600 3700 3800 3900 4000 4100 4200 4300 4400 4500 4600 4700 4800 4900 5000 5100 5200 5300 5400 5500 5600 5700 5800 5900 6000 6100 6200 6300 6400 6500 6600 6700 6800 6900 7000 7100 7200 7300 7400 7500 7600 7700 7800 7900 8000 8100 8200 8300 8400 8500 8600 8700 8800 8900 9000 9100 9200 9300 9400 9500 9600 9700 9800 9900 
[DEBUG] Duration:  369.042673111 seconds.

[MODEL, SAMPLE]: Data/Models/gist-10000-1-c8.model Data/Samples/gist-10000-5.test
[RESULT]  [(2, 0.001925), (4, 0.003815), (8, 0.007343), (16, 0.013198), (32, 0.024415), (64, 0.045523), (128, 0.080022), (256, 0.137526), (512, 0.224948), (1024, 0.346221), (2048, 0.502164), (4096, 0.644098), (8192, 0.877986), (16384, 1.0)]

[INFO] FINISHED MODEL [ Data/Models/gist-10000-1-c8.model ] WITH RESULTS:
('Data/Models/gist-10000-1-c8.model', [('Data/Samples/gist-10000-1.test', [(2, 0.000269), (4, 0.000394), (8, 0.000681), (16, 0.001693), (32, 0.003735), (64, 0.00742), (128, 0.014125), (256, 0.027373), (512, 0.054003), (1024, 0.108948), (2048, 0.225027), (4096, 0.413995), (8192, 0.818623), (16384, 1.0)]), ('Data/Samples/gist-10000-2.test', [(2, 0.000166), (4, 0.00037), (8, 0.000631), (16, 0.001318), (32, 0.003219), (64, 0.006197), (128, 0.013166), (256, 0.027109), (512, 0.055217), (1024, 0.110318), (2048, 0.222363), (4096, 0.407734), (8192, 0.796697), (16384, 1.0)]), ('Data/Samples/gist-10000-3.test', [(2, 0.000151), (4, 0.000241), (8, 0.000728), (16, 0.00159), (32, 0.003418), (64, 0.006409), (128, 0.012255), (256, 0.02521), (512, 0.053795), (1024, 0.111103), (2048, 0.229874), (4096, 0.413075), (8192, 0.792125), (16384, 1.0)]), ('Data/Samples/gist-10000-4.test', [(2, 0.000531), (4, 0.001137), (8, 0.002664), (16, 0.004927), (32, 0.009139), (64, 0.017823), (128, 0.032531), (256, 0.061834), (512, 0.107203), (1024, 0.161756), (2048, 0.261049), (4096, 0.451428), (8192, 0.80731), (16384, 1.0)]), ('Data/Samples/gist-10000-5.test', [(2, 0.001925), (4, 0.003815), (8, 0.007343), (16, 0.013198), (32, 0.024415), (64, 0.045523), (128, 0.080022), (256, 0.137526), (512, 0.224948), (1024, 0.346221), (2048, 0.502164), (4096, 0.644098), (8192, 0.877986), (16384, 1.0)])])
===========================================
[DEBUG] Model => Data/Models/gist-10000-1-c16.model
[DEBUG] Sample =>Data/Samples/gist-10000-1.test
[DEBUG] Setting up nn data structure (sample) ...
[DEBUG] Finding actual nn ...
[DEBUG] Setting up nn data structure (bits) ...
[DEBUG] Finding approximated nn (bits) ...
[DEBUG] Building reverse index ...
[DEBUG] Process (t:10000): 0 100 200 300 400 500 600 700 800 900 1000 1100 1200 1300 1400 1500 1600 1700 1800 1900 2000 2100 2200 2300 2400 2500 2600 2700 2800 2900 3000 3100 3200 3300 3400 3500 3600 3700 3800 3900 4000 4100 4200 4300 4400 4500 4600 4700 4800 4900 5000 5100 5200 5300 5400 5500 5600 5700 5800 5900 6000 6100 6200 6300 6400 6500 6600 6700 6800 6900 7000 7100 7200 7300 7400 7500 7600 7700 7800 7900 8000 8100 8200 8300 8400 8500 8600 8700 8800 8900 9000 9100 9200 9300 9400 9500 9600 9700 9800 9900 
[DEBUG] Duration:  512.841876984 seconds.

[MODEL, SAMPLE]: Data/Models/gist-10000-1-c16.model Data/Samples/gist-10000-1.test
[RESULT]  [(2, 0.000269), (4, 0.000394), (8, 0.000681), (16, 0.001693), (32, 0.003735), (64, 0.00742), (128, 0.014125), (256, 0.027373), (512, 0.054003), (1024, 0.108948), (2048, 0.225027), (4096, 0.413995), (8192, 0.818623), (16384, 1.0)]

[DEBUG] Sample =>Data/Samples/gist-10000-2.test
[DEBUG] Setting up nn data structure (sample) ...
[DEBUG] Finding actual nn ...
[DEBUG] Setting up nn data structure (bits) ...
[DEBUG] Finding approximated nn (bits) ...
[DEBUG] Building reverse index ...
[DEBUG] Process (t:10000): 0 100 200 300 400 500 600 700 800 900 1000 1100 1200 1300 1400 1500 1600 1700 1800 1900 2000 2100 2200 2300 2400 2500 2600 2700 2800 2900 3000 3100 3200 3300 3400 3500 3600 3700 3800 3900 4000 4100 4200 4300 4400 4500 4600 4700 4800 4900 5000 5100 5200 5300 5400 5500 5600 5700 5800 5900 6000 6100 6200 6300 6400 6500 6600 6700 6800 6900 7000 7100 7200 7300 7400 7500 7600 7700 7800 7900 8000 8100 8200 8300 8400 8500 8600 8700 8800 8900 9000 9100 9200 9300 9400 9500 9600 9700 9800 9900 
[DEBUG] Duration:  521.377709866 seconds.

[MODEL, SAMPLE]: Data/Models/gist-10000-1-c16.model Data/Samples/gist-10000-2.test
[RESULT]  [(2, 0.000166), (4, 0.00037), (8, 0.000631), (16, 0.001318), (32, 0.003219), (64, 0.006197), (128, 0.013166), (256, 0.027109), (512, 0.055217), (1024, 0.110318), (2048, 0.222363), (4096, 0.407734), (8192, 0.796697), (16384, 1.0)]

[DEBUG] Sample =>Data/Samples/gist-10000-3.test
[DEBUG] Setting up nn data structure (sample) ...
[DEBUG] Finding actual nn ...
[DEBUG] Setting up nn data structure (bits) ...
[DEBUG] Finding approximated nn (bits) ...
[DEBUG] Building reverse index ...
[DEBUG] Process (t:10000): 0 100 200 300 400 500 600 700 800 900 1000 1100 1200 1300 1400 1500 1600 1700 1800 1900 2000 2100 2200 2300 2400 2500 2600 2700 2800 2900 3000 3100 3200 3300 3400 3500 3600 3700 3800 3900 4000 4100 4200 4300 4400 4500 4600 4700 4800 4900 5000 5100 5200 5300 5400 5500 5600 5700 5800 5900 6000 6100 6200 6300 6400 6500 6600 6700 6800 6900 7000 7100 7200 7300 7400 7500 7600 7700 7800 7900 8000 8100 8200 8300 8400 8500 8600 8700 8800 8900 9000 9100 9200 9300 9400 9500 9600 9700 9800 9900 
[DEBUG] Duration:  519.115010023 seconds.

[MODEL, SAMPLE]: Data/Models/gist-10000-1-c16.model Data/Samples/gist-10000-3.test
[RESULT]  [(2, 0.000235), (4, 0.000499), (8, 0.001031), (16, 0.001769), (32, 0.003472), (64, 0.006411), (128, 0.012446), (256, 0.025315), (512, 0.054113), (1024, 0.111191), (2048, 0.229892), (4096, 0.413529), (8192, 0.792125), (16384, 1.0)]

[DEBUG] Sample =>Data/Samples/gist-10000-4.test
[DEBUG] Setting up nn data structure (sample) ...
[DEBUG] Finding actual nn ...
[DEBUG] Setting up nn data structure (bits) ...
[DEBUG] Finding approximated nn (bits) ...
[DEBUG] Building reverse index ...
[DEBUG] Process (t:10000): 0 100 200 300 400 500 600 700 800 900 1000 1100 1200 1300 1400 1500 1600 1700 1800 1900 2000 2100 2200 2300 2400 2500 2600 2700 2800 2900 3000 3100 3200 3300 3400 3500 3600 3700 3800 3900 4000 4100 4200 4300 4400 4500 4600 4700 4800 4900 5000 5100 5200 5300 5400 5500 5600 5700 5800 5900 6000 6100 6200 6300 6400 6500 6600 6700 6800 6900 7000 7100 7200 7300 7400 7500 7600 7700 7800 7900 8000 8100 8200 8300 8400 8500 8600 8700 8800 8900 9000 9100 9200 9300 9400 9500 9600 9700 9800 9900 
[DEBUG] Duration:  490.286440849 seconds.

[MODEL, SAMPLE]: Data/Models/gist-10000-1-c16.model Data/Samples/gist-10000-4.test
[RESULT]  [(2, 0.000619), (4, 0.001315), (8, 0.002355), (16, 0.004046), (32, 0.007363), (64, 0.014528), (128, 0.028061), (256, 0.051401), (512, 0.089061), (1024, 0.163011), (2048, 0.266755), (4096, 0.458192), (8192, 0.81068), (16384, 1.0)]

[DEBUG] Sample =>Data/Samples/gist-10000-5.test
[DEBUG] Setting up nn data structure (sample) ...
[DEBUG] Finding actual nn ...
[DEBUG] Setting up nn data structure (bits) ...
[DEBUG] Finding approximated nn (bits) ...
[DEBUG] Building reverse index ...
[DEBUG] Process (t:10000): 0 100 200 300 400 500 600 700 800 900 1000 1100 1200 1300 1400 1500 1600 1700 1800 1900 2000 2100 2200 2300 2400 2500 2600 2700 2800 2900 3000 3100 3200 3300 3400 3500 3600 3700 3800 3900 4000 4100 4200 4300 4400 4500 4600 4700 4800 4900 5000 5100 5200 5300 5400 5500 5600 5700 5800 5900 6000 6100 6200 6300 6400 6500 6600 6700 6800 6900 7000 7100 7200 7300 7400 7500 7600 7700 7800 7900 8000 8100 8200 8300 8400 8500 8600 8700 8800 8900 9000 9100 9200 9300 9400 9500 9600 9700 9800 9900 
[DEBUG] Duration:  331.539026022 seconds.

[MODEL, SAMPLE]: Data/Models/gist-10000-1-c16.model Data/Samples/gist-10000-5.test
[RESULT]  [(2, 0.006035), (4, 0.009596), (8, 0.015158), (16, 0.024468), (32, 0.040516), (64, 0.067439), (128, 0.11117), (256, 0.178456), (512, 0.277902), (1024, 0.414665), (2048, 0.56769), (4096, 0.700637), (8192, 0.897941), (16384, 1.0)]

[INFO] FINISHED MODEL [ Data/Models/gist-10000-1-c16.model ] WITH RESULTS:
('Data/Models/gist-10000-1-c16.model', [('Data/Samples/gist-10000-1.test', [(2, 0.000269), (4, 0.000394), (8, 0.000681), (16, 0.001693), (32, 0.003735), (64, 0.00742), (128, 0.014125), (256, 0.027373), (512, 0.054003), (1024, 0.108948), (2048, 0.225027), (4096, 0.413995), (8192, 0.818623), (16384, 1.0)]), ('Data/Samples/gist-10000-2.test', [(2, 0.000166), (4, 0.00037), (8, 0.000631), (16, 0.001318), (32, 0.003219), (64, 0.006197), (128, 0.013166), (256, 0.027109), (512, 0.055217), (1024, 0.110318), (2048, 0.222363), (4096, 0.407734), (8192, 0.796697), (16384, 1.0)]), ('Data/Samples/gist-10000-3.test', [(2, 0.000235), (4, 0.000499), (8, 0.001031), (16, 0.001769), (32, 0.003472), (64, 0.006411), (128, 0.012446), (256, 0.025315), (512, 0.054113), (1024, 0.111191), (2048, 0.229892), (4096, 0.413529), (8192, 0.792125), (16384, 1.0)]), ('Data/Samples/gist-10000-4.test', [(2, 0.000619), (4, 0.001315), (8, 0.002355), (16, 0.004046), (32, 0.007363), (64, 0.014528), (128, 0.028061), (256, 0.051401), (512, 0.089061), (1024, 0.163011), (2048, 0.266755), (4096, 0.458192), (8192, 0.81068), (16384, 1.0)]), ('Data/Samples/gist-10000-5.test', [(2, 0.006035), (4, 0.009596), (8, 0.015158), (16, 0.024468), (32, 0.040516), (64, 0.067439), (128, 0.11117), (256, 0.178456), (512, 0.277902), (1024, 0.414665), (2048, 0.56769), (4096, 0.700637), (8192, 0.897941), (16384, 1.0)])])
===========================================
[DEBUG] Model => Data/Models/gist-10000-1-c32.model
[DEBUG] Sample =>Data/Samples/gist-10000-1.test
[DEBUG] Setting up nn data structure (sample) ...
[DEBUG] Finding actual nn ...
[DEBUG] Setting up nn data structure (bits) ...
[DEBUG] Finding approximated nn (bits) ...
[DEBUG] Building reverse index ...
[DEBUG] Process (t:10000): 0 100 200 300 400 500 600 700 800 900 1000 1100 1200 1300 1400 1500 1600 1700 1800 1900 2000 2100 2200 2300 2400 2500 2600 2700 2800 2900 3000 3100 3200 3300 3400 3500 3600 3700 3800 3900 4000 4100 4200 4300 4400 4500 4600 4700 4800 4900 5000 5100 5200 5300 5400 5500 5600 5700 5800 5900 6000 6100 6200 6300 6400 6500 6600 6700 6800 6900 7000 7100 7200 7300 7400 7500 7600 7700 7800 7900 8000 8100 8200 8300 8400 8500 8600 8700 8800 8900 9000 9100 9200 9300 9400 9500 9600 9700 9800 9900 
[DEBUG] Duration:  521.159438848 seconds.

[MODEL, SAMPLE]: Data/Models/gist-10000-1-c32.model Data/Samples/gist-10000-1.test
[RESULT]  [(2, 0.000269), (4, 0.000394), (8, 0.000681), (16, 0.001693), (32, 0.003735), (64, 0.00742), (128, 0.014125), (256, 0.027373), (512, 0.054003), (1024, 0.108948), (2048, 0.225027), (4096, 0.413995), (8192, 0.818623), (16384, 1.0)]

[DEBUG] Sample =>Data/Samples/gist-10000-2.test
[DEBUG] Setting up nn data structure (sample) ...
[DEBUG] Finding actual nn ...
[DEBUG] Setting up nn data structure (bits) ...
[DEBUG] Finding approximated nn (bits) ...
[DEBUG] Building reverse index ...
[DEBUG] Process (t:10000): 0 100 200 300 400 500 600 700 800 900 1000 1100 1200 1300 1400 1500 1600 1700 1800 1900 2000 2100 2200 2300 2400 2500 2600 2700 2800 2900 3000 3100 3200 3300 3400 3500 3600 3700 3800 3900 4000 4100 4200 4300 4400 4500 4600 4700 4800 4900 5000 5100 5200 5300 5400 5500 5600 5700 5800 5900 6000 6100 6200 6300 6400 6500 6600 6700 6800 6900 7000 7100 7200 7300 7400 7500 7600 7700 7800 7900 8000 8100 8200 8300 8400 8500 8600 8700 8800 8900 9000 9100 9200 9300 9400 9500 9600 9700 9800 9900 
[DEBUG] Duration:  551.242941856 seconds.

[MODEL, SAMPLE]: Data/Models/gist-10000-1-c32.model Data/Samples/gist-10000-2.test
[RESULT]  [(2, 0.000166), (4, 0.00037), (8, 0.000631), (16, 0.001318), (32, 0.003219), (64, 0.006197), (128, 0.013166), (256, 0.027109), (512, 0.055217), (1024, 0.110318), (2048, 0.222363), (4096, 0.407734), (8192, 0.796697), (16384, 1.0)]

[DEBUG] Sample =>Data/Samples/gist-10000-3.test
[DEBUG] Setting up nn data structure (sample) ...
[DEBUG] Finding actual nn ...
[DEBUG] Setting up nn data structure (bits) ...
[DEBUG] Finding approximated nn (bits) ...
[DEBUG] Building reverse index ...
[DEBUG] Process (t:10000): 0 100 200 300 400 500 600 700 800 900 1000 1100 1200 1300 1400 1500 1600 1700 1800 1900 2000 2100 2200 2300 2400 2500 2600 2700 2800 2900 3000 3100 3200 3300 3400 3500 3600 3700 3800 3900 4000 4100 4200 4300 4400 4500 4600 4700 4800 4900 5000 5100 5200 5300 5400 5500 5600 5700 5800 5900 6000 6100 6200 6300 6400 6500 6600 6700 6800 6900 7000 7100 7200 7300 7400 7500 7600 7700 7800 7900 8000 8100 8200 8300 8400 8500 8600 8700 8800 8900 9000 9100 9200 9300 9400 9500 9600 9700 9800 9900 
[DEBUG] Duration:  547.902456045 seconds.

[MODEL, SAMPLE]: Data/Models/gist-10000-1-c32.model Data/Samples/gist-10000-3.test
[RESULT]  [(2, 0.000194), (4, 0.00057), (8, 0.001036), (16, 0.002053), (32, 0.004354), (64, 0.008096), (128, 0.015517), (256, 0.029051), (512, 0.054774), (1024, 0.111761), (2048, 0.230409), (4096, 0.41267), (8192, 0.792485), (16384, 1.0)]

[DEBUG] Sample =>Data/Samples/gist-10000-4.test
[DEBUG] Setting up nn data structure (sample) ...
[DEBUG] Finding actual nn ...
[DEBUG] Setting up nn data structure (bits) ...
[DEBUG] Finding approximated nn (bits) ...
[DEBUG] Building reverse index ...
[DEBUG] Process (t:10000): 0 100 200 300 400 500 600 700 800 900 1000 1100 1200 1300 1400 1500 1600 1700 1800 1900 2000 2100 2200 2300 2400 2500 2600 2700 2800 2900 3000 3100 3200 3300 3400 3500 3600 3700 3800 3900 4000 4100 4200 4300 4400 4500 4600 4700 4800 4900 5000 5100 5200 5300 5400 5500 5600 5700 5800 5900 6000 6100 6200 6300 6400 6500 6600 6700 6800 6900 7000 7100 7200 7300 7400 7500 7600 7700 7800 7900 8000 8100 8200 8300 8400 8500 8600 8700 8800 8900 9000 9100 9200 9300 9400 9500 9600 9700 9800 9900 
[DEBUG] Duration:  432.852216959 seconds.

[MODEL, SAMPLE]: Data/Models/gist-10000-1-c32.model Data/Samples/gist-10000-4.test
[RESULT]  [(2, 0.002021), (4, 0.003599), (8, 0.006486), (16, 0.011925), (32, 0.021571), (64, 0.038784), (128, 0.065613), (256, 0.107464), (512, 0.170495), (1024, 0.264705), (2048, 0.402633), (4096, 0.562693), (8192, 0.835481), (16384, 1.0)]

[DEBUG] Sample =>Data/Samples/gist-10000-5.test
[DEBUG] Setting up nn data structure (sample) ...
[DEBUG] Finding actual nn ...
[DEBUG] Setting up nn data structure (bits) ...
[DEBUG] Finding approximated nn (bits) ...
[DEBUG] Building reverse index ...
[DEBUG] Process (t:10000): 0 100 200 300 400 500 600 700 800 900 1000 1100 1200 1300 1400 1500 1600 1700 1800 1900 2000 2100 2200 2300 2400 2500 2600 2700 2800 2900 3000 3100 3200 3300 3400 3500 3600 3700 3800 3900 4000 4100 4200 4300 4400 4500 4600 4700 4800 4900 5000 5100 5200 5300 5400 5500 5600 5700 5800 5900 6000 6100 6200 6300 6400 6500 6600 6700 6800 6900 7000 7100 7200 7300 7400 7500 7600 7700 7800 7900 8000 8100 8200 8300 8400 8500 8600 8700 8800 8900 9000 9100 9200 9300 9400 9500 9600 9700 9800 9900 
[DEBUG] Duration:  223.967319965 seconds.

[MODEL, SAMPLE]: Data/Models/gist-10000-1-c32.model Data/Samples/gist-10000-5.test
[RESULT]  [(2, 0.01124), (4, 0.017227), (8, 0.027389), (16, 0.044616), (32, 0.073146), (64, 0.119444), (128, 0.190365), (256, 0.292583), (512, 0.429518), (1024, 0.587194), (2048, 0.741179), (4096, 0.859699), (8192, 0.95876), (16384, 1.0)]

[INFO] FINISHED MODEL [ Data/Models/gist-10000-1-c32.model ] WITH RESULTS:
('Data/Models/gist-10000-1-c32.model', [('Data/Samples/gist-10000-1.test', [(2, 0.000269), (4, 0.000394), (8, 0.000681), (16, 0.001693), (32, 0.003735), (64, 0.00742), (128, 0.014125), (256, 0.027373), (512, 0.054003), (1024, 0.108948), (2048, 0.225027), (4096, 0.413995), (8192, 0.818623), (16384, 1.0)]), ('Data/Samples/gist-10000-2.test', [(2, 0.000166), (4, 0.00037), (8, 0.000631), (16, 0.001318), (32, 0.003219), (64, 0.006197), (128, 0.013166), (256, 0.027109), (512, 0.055217), (1024, 0.110318), (2048, 0.222363), (4096, 0.407734), (8192, 0.796697), (16384, 1.0)]), ('Data/Samples/gist-10000-3.test', [(2, 0.000194), (4, 0.00057), (8, 0.001036), (16, 0.002053), (32, 0.004354), (64, 0.008096), (128, 0.015517), (256, 0.029051), (512, 0.054774), (1024, 0.111761), (2048, 0.230409), (4096, 0.41267), (8192, 0.792485), (16384, 1.0)]), ('Data/Samples/gist-10000-4.test', [(2, 0.002021), (4, 0.003599), (8, 0.006486), (16, 0.011925), (32, 0.021571), (64, 0.038784), (128, 0.065613), (256, 0.107464), (512, 0.170495), (1024, 0.264705), (2048, 0.402633), (4096, 0.562693), (8192, 0.835481), (16384, 1.0)]), ('Data/Samples/gist-10000-5.test', [(2, 0.01124), (4, 0.017227), (8, 0.027389), (16, 0.044616), (32, 0.073146), (64, 0.119444), (128, 0.190365), (256, 0.292583), (512, 0.429518), (1024, 0.587194), (2048, 0.741179), (4096, 0.859699), (8192, 0.95876), (16384, 1.0)])])
===========================================
[DEBUG] Model => Data/Models/gist-10000-1-c64.model
[DEBUG] Sample =>Data/Samples/gist-10000-1.test
[DEBUG] Setting up nn data structure (sample) ...
[DEBUG] Finding actual nn ...
[DEBUG] Setting up nn data structure (bits) ...
[DEBUG] Finding approximated nn (bits) ...
[DEBUG] Building reverse index ...
[DEBUG] Process (t:10000): 0 100 200 300 400 500 600 700 800 900 1000 1100 1200 1300 1400 1500 1600 1700 1800 1900 2000 2100 2200 2300 2400 2500 2600 2700 2800 2900 3000 3100 3200 3300 3400 3500 3600 3700 3800 3900 4000 4100 4200 4300 4400 4500 4600 4700 4800 4900 5000 5100 5200 5300 5400 5500 5600 5700 5800 5900 6000 6100 6200 6300 6400 6500 6600 6700 6800 6900 7000 7100 7200 7300 7400 7500 7600 7700 7800 7900 8000 8100 8200 8300 8400 8500 8600 8700 8800 8900 9000 9100 9200 9300 9400 9500 9600 9700 9800 9900 
[DEBUG] Duration:  520.670321941 seconds.

[MODEL, SAMPLE]: Data/Models/gist-10000-1-c64.model Data/Samples/gist-10000-1.test
[RESULT]  [(2, 0.000269), (4, 0.000394), (8, 0.000681), (16, 0.001693), (32, 0.003735), (64, 0.00742), (128, 0.014125), (256, 0.027373), (512, 0.054003), (1024, 0.108948), (2048, 0.225027), (4096, 0.413995), (8192, 0.818623), (16384, 1.0)]

[DEBUG] Sample =>Data/Samples/gist-10000-2.test
[DEBUG] Setting up nn data structure (sample) ...
[DEBUG] Finding actual nn ...
[DEBUG] Setting up nn data structure (bits) ...
[DEBUG] Finding approximated nn (bits) ...
[DEBUG] Building reverse index ...
[DEBUG] Process (t:10000): 0 100 200 300 400 500 600 700 800 900 1000 1100 1200 1300 1400 1500 1600 1700 1800 1900 2000 2100 2200 2300 2400 2500 2600 2700 2800 2900 3000 3100 3200 3300 3400 3500 3600 3700 3800 3900 4000 4100 4200 4300 4400 4500 4600 4700 4800 4900 5000 5100 5200 5300 5400 5500 5600 5700 5800 5900 6000 6100 6200 6300 6400 6500 6600 6700 6800 6900 7000 7100 7200 7300 7400 7500 7600 7700 7800 7900 8000 8100 8200 8300 8400 8500 8600 8700 8800 8900 9000 9100 9200 9300 9400 9500 9600 9700 9800 9900 
[DEBUG] Duration:  528.107451916 seconds.

[MODEL, SAMPLE]: Data/Models/gist-10000-1-c64.model Data/Samples/gist-10000-2.test
[RESULT]  [(2, 0.000166), (4, 0.00037), (8, 0.000631), (16, 0.001318), (32, 0.003219), (64, 0.006197), (128, 0.013166), (256, 0.027109), (512, 0.055217), (1024, 0.110318), (2048, 0.222363), (4096, 0.407734), (8192, 0.796697), (16384, 1.0)]

[DEBUG] Sample =>Data/Samples/gist-10000-3.test
[DEBUG] Setting up nn data structure (sample) ...
[DEBUG] Finding actual nn ...
[DEBUG] Setting up nn data structure (bits) ...
[DEBUG] Finding approximated nn (bits) ...
[DEBUG] Building reverse index ...
[DEBUG] Process (t:10000): 0 100 200 300 400 500 600 700 800 900 1000 1100 1200 1300 1400 1500 1600 1700 1800 1900 2000 2100 2200 2300 2400 2500 2600 2700 2800 2900 3000 3100 3200 3300 3400 3500 3600 3700 3800 3900 4000 4100 4200 4300 4400 4500 4600 4700 4800 4900 5000 5100 5200 5300 5400 5500 5600 5700 5800 5900 6000 6100 6200 6300 6400 6500 6600 6700 6800 6900 7000 7100 7200 7300 7400 7500 7600 7700 7800 7900 8000 8100 8200 8300 8400 8500 8600 8700 8800 8900 9000 9100 9200 9300 9400 9500 9600 9700 9800 9900 
[DEBUG] Duration:  527.175230026 seconds.

[MODEL, SAMPLE]: Data/Models/gist-10000-1-c64.model Data/Samples/gist-10000-3.test
[RESULT]  [(2, 0.00036), (4, 0.000753), (8, 0.001535), (16, 0.002923), (32, 0.005479), (64, 0.009819), (128, 0.019149), (256, 0.034006), (512, 0.05838), (1024, 0.114405), (2048, 0.229551), (4096, 0.413852), (8192, 0.793089), (16384, 1.0)]

[DEBUG] Sample =>Data/Samples/gist-10000-4.test
[DEBUG] Setting up nn data structure (sample) ...
[DEBUG] Finding actual nn ...
[DEBUG] Setting up nn data structure (bits) ...
[DEBUG] Finding approximated nn (bits) ...
[DEBUG] Building reverse index ...
[DEBUG] Process (t:10000): 0 100 200 300 400 500 600 700 800 900 1000 1100 1200 1300 1400 1500 1600 1700 1800 1900 2000 2100 2200 2300 2400 2500 2600 2700 2800 2900 3000 3100 3200 3300 3400 3500 3600 3700 3800 3900 4000 4100 4200 4300 4400 4500 4600 4700 4800 4900 5000 5100 5200 5300 5400 5500 5600 5700 5800 5900 6000 6100 6200 6300 6400 6500 6600 6700 6800 6900 7000 7100 7200 7300 7400 7500 7600 7700 7800 7900 8000 8100 8200 8300 8400 8500 8600 8700 8800 8900 9000 9100 9200 9300 9400 9500 9600 9700 9800 9900 
[DEBUG] Duration:  385.750794172 seconds.

[MODEL, SAMPLE]: Data/Models/gist-10000-1-c64.model Data/Samples/gist-10000-4.test
[RESULT]  [(2, 0.005512), (4, 0.008799), (8, 0.014217), (16, 0.023385), (32, 0.038292), (64, 0.062867), (128, 0.102042), (256, 0.16017), (512, 0.244622), (1024, 0.359797), (2048, 0.497474), (4096, 0.642487), (8192, 0.853374), (16384, 1.0)]

[DEBUG] Sample =>Data/Samples/gist-10000-5.test
[DEBUG] Setting up nn data structure (sample) ...
[DEBUG] Finding actual nn ...
[DEBUG] Setting up nn data structure (bits) ...
[DEBUG] Finding approximated nn (bits) ...
[DEBUG] Building reverse index ...
[DEBUG] Process (t:10000): 0 100 200 300 400 500 600 700 800 900 1000 1100 1200 1300 1400 1500 1600 1700 1800 1900 2000 2100 2200 2300 2400 2500 2600 2700 2800 2900 3000 3100 3200 3300 3400 3500 3600 3700 3800 3900 4000 4100 4200 4300 4400 4500 4600 4700 4800 4900 5000 5100 5200 5300 5400 5500 5600 5700 5800 5900 6000 6100 6200 6300 6400 6500 6600 6700 6800 6900 7000 7100 7200 7300 7400 7500 7600 7700 7800 7900 8000 8100 8200 8300 8400 8500 8600 8700 8800 8900 9000 9100 9200 9300 9400 9500 9600 9700 9800 9900 
[DEBUG] Duration:  177.521345854 seconds.

[MODEL, SAMPLE]: Data/Models/gist-10000-1-c64.model Data/Samples/gist-10000-5.test
[RESULT]  [(2, 0.015422), (4, 0.024807), (8, 0.041028), (16, 0.068558), (32, 0.112771), (64, 0.181237), (128, 0.279876), (256, 0.40777), (512, 0.556232), (1024, 0.70293), (2048, 0.828291), (4096, 0.921235), (8192, 0.983448), (16384, 1.0)]

[INFO] FINISHED MODEL [ Data/Models/gist-10000-1-c64.model ] WITH RESULTS:
('Data/Models/gist-10000-1-c64.model', [('Data/Samples/gist-10000-1.test', [(2, 0.000269), (4, 0.000394), (8, 0.000681), (16, 0.001693), (32, 0.003735), (64, 0.00742), (128, 0.014125), (256, 0.027373), (512, 0.054003), (1024, 0.108948), (2048, 0.225027), (4096, 0.413995), (8192, 0.818623), (16384, 1.0)]), ('Data/Samples/gist-10000-2.test', [(2, 0.000166), (4, 0.00037), (8, 0.000631), (16, 0.001318), (32, 0.003219), (64, 0.006197), (128, 0.013166), (256, 0.027109), (512, 0.055217), (1024, 0.110318), (2048, 0.222363), (4096, 0.407734), (8192, 0.796697), (16384, 1.0)]), ('Data/Samples/gist-10000-3.test', [(2, 0.00036), (4, 0.000753), (8, 0.001535), (16, 0.002923), (32, 0.005479), (64, 0.009819), (128, 0.019149), (256, 0.034006), (512, 0.05838), (1024, 0.114405), (2048, 0.229551), (4096, 0.413852), (8192, 0.793089), (16384, 1.0)]), ('Data/Samples/gist-10000-4.test', [(2, 0.005512), (4, 0.008799), (8, 0.014217), (16, 0.023385), (32, 0.038292), (64, 0.062867), (128, 0.102042), (256, 0.16017), (512, 0.244622), (1024, 0.359797), (2048, 0.497474), (4096, 0.642487), (8192, 0.853374), (16384, 1.0)]), ('Data/Samples/gist-10000-5.test', [(2, 0.015422), (4, 0.024807), (8, 0.041028), (16, 0.068558), (32, 0.112771), (64, 0.181237), (128, 0.279876), (256, 0.40777), (512, 0.556232), (1024, 0.70293), (2048, 0.828291), (4096, 0.921235), (8192, 0.983448), (16384, 1.0)])])
===========================================
[DEBUG] Model => Data/Models/gist-10000-1-c128.model
[DEBUG] Sample =>Data/Samples/gist-10000-1.test
[DEBUG] Setting up nn data structure (sample) ...
[DEBUG] Finding actual nn ...
[DEBUG] Setting up nn data structure (bits) ...
[DEBUG] Finding approximated nn (bits) ...
[DEBUG] Building reverse index ...
[DEBUG] Process (t:10000): 0 100 200 300 400 500 600 700 800 900 1000 1100 1200 1300 1400 1500 1600 1700 1800 1900 2000 2100 2200 2300 2400 2500 2600 2700 2800 2900 3000 3100 3200 3300 3400 3500 3600 3700 3800 3900 4000 4100 4200 4300 4400 4500 4600 4700 4800 4900 5000 5100 5200 5300 5400 5500 5600 5700 5800 5900 6000 6100 6200 6300 6400 6500 6600 6700 6800 6900 7000 7100 7200 7300 7400 7500 7600 7700 7800 7900 8000 8100 8200 8300 8400 8500 8600 8700 8800 8900 9000 9100 9200 9300 9400 9500 9600 9700 9800 9900 
[DEBUG] Duration:  557.506340981 seconds.

[MODEL, SAMPLE]: Data/Models/gist-10000-1-c128.model Data/Samples/gist-10000-1.test
[RESULT]  [(2, 0.000269), (4, 0.000394), (8, 0.000681), (16, 0.001693), (32, 0.003735), (64, 0.00742), (128, 0.014125), (256, 0.027373), (512, 0.054003), (1024, 0.108948), (2048, 0.225027), (4096, 0.413995), (8192, 0.818623), (16384, 1.0)]

[DEBUG] Sample =>Data/Samples/gist-10000-2.test
[DEBUG] Setting up nn data structure (sample) ...
[DEBUG] Finding actual nn ...
[DEBUG] Setting up nn data structure (bits) ...
[DEBUG] Finding approximated nn (bits) ...
[DEBUG] Building reverse index ...
[DEBUG] Process (t:10000): 0 100 200 300 400 500 600 700 800 900 1000 1100 1200 1300 1400 1500 1600 1700 1800 1900 2000 2100 2200 2300 2400 2500 2600 2700 2800 2900 3000 3100 3200 3300 3400 3500 3600 3700 3800 3900 4000 4100 4200 4300 4400 4500 4600 4700 4800 4900 5000 5100 5200 5300 5400 5500 5600 5700 5800 5900 6000 6100 6200 6300 6400 6500 6600 6700 6800 6900 7000 7100 7200 7300 7400 7500 7600 7700 7800 7900 8000 8100 8200 8300 8400 8500 8600 8700 8800 8900 9000 9100 9200 9300 9400 9500 9600 9700 9800 9900 
[DEBUG] Duration:  597.882853985 seconds.

[MODEL, SAMPLE]: Data/Models/gist-10000-1-c128.model Data/Samples/gist-10000-2.test
[RESULT]  [(2, 0.000166), (4, 0.00037), (8, 0.000631), (16, 0.001318), (32, 0.003219), (64, 0.006197), (128, 0.013166), (256, 0.027109), (512, 0.055217), (1024, 0.110318), (2048, 0.222363), (4096, 0.407734), (8192, 0.796697), (16384, 1.0)]

[DEBUG] Sample =>Data/Samples/gist-10000-3.test
[DEBUG] Setting up nn data structure (sample) ...
[DEBUG] Finding actual nn ...
[DEBUG] Setting up nn data structure (bits) ...
[DEBUG] Finding approximated nn (bits) ...
[DEBUG] Building reverse index ...
[DEBUG] Process (t:10000): 0 100 200 300 400 500 600 700 800 900 1000 1100 1200 1300 1400 1500 1600 1700 1800 1900 2000 2100 2200 2300 2400 2500 2600 2700 2800 2900 3000 3100 3200 3300 3400 3500 3600 3700 3800 3900 4000 4100 4200 4300 4400 4500 4600 4700 4800 4900 5000 5100 5200 5300 5400 5500 5600 5700 5800 5900 6000 6100 6200 6300 6400 6500 6600 6700 6800 6900 7000 7100 7200 7300 7400 7500 7600 7700 7800 7900 8000 8100 8200 8300 8400 8500 8600 8700 8800 8900 9000 9100 9200 9300 9400 9500 9600 9700 9800 9900 
[DEBUG] Duration:  586.784007072 seconds.

[MODEL, SAMPLE]: Data/Models/gist-10000-1-c128.model Data/Samples/gist-10000-3.test
[RESULT]  [(2, 0.000426), (4, 0.000853), (8, 0.001558), (16, 0.002977), (32, 0.005492), (64, 0.011076), (128, 0.020599), (256, 0.034277), (512, 0.059456), (1024, 0.115948), (2048, 0.230518), (4096, 0.413703), (8192, 0.792455), (16384, 1.0)]

[DEBUG] Sample =>Data/Samples/gist-10000-4.test
[DEBUG] Setting up nn data structure (sample) ...
[DEBUG] Finding actual nn ...
[DEBUG] Setting up nn data structure (bits) ...
[DEBUG] Finding approximated nn (bits) ...
[DEBUG] Building reverse index ...
[DEBUG] Process (t:10000): 0 100 200 300 400 500 600 700 800 900 1000 1100 1200 1300 1400 1500 1600 1700 1800 1900 2000 2100 2200 2300 2400 2500 2600 2700 2800 2900 3000 3100 3200 3300 3400 3500 3600 3700 3800 3900 4000 4100 4200 4300 4400 4500 4600 4700 4800 4900 5000 5100 5200 5300 5400 5500 5600 5700 5800 5900 6000 6100 6200 6300 6400 6500 6600 6700 6800 6900 7000 7100 7200 7300 7400 7500 7600 7700 7800 7900 8000 8100 8200 8300 8400 8500 8600 8700 8800 8900 9000 9100 9200 9300 9400 9500 9600 9700 9800 9900 
[DEBUG] Duration:  382.213203907 seconds.

[MODEL, SAMPLE]: Data/Models/gist-10000-1-c128.model Data/Samples/gist-10000-4.test
[RESULT]  [(2, 0.008523), (4, 0.013208), (8, 0.021028), (16, 0.033733), (32, 0.05492), (64, 0.08903), (128, 0.139969), (256, 0.21359), (512, 0.31465), (1024, 0.439699), (2048, 0.574947), (4096, 0.701439), (8192, 0.880943), (16384, 1.0)]

[DEBUG] Sample =>Data/Samples/gist-10000-5.test
[DEBUG] Setting up nn data structure (sample) ...
[DEBUG] Finding actual nn ...
[DEBUG] Setting up nn data structure (bits) ...
[DEBUG] Finding approximated nn (bits) ...
[DEBUG] Building reverse index ...
[DEBUG] Process (t:10000): 0 100 200 300 400 500 600 700 800 900 1000 1100 1200 1300 1400 1500 1600 1700 1800 1900 2000 2100 2200 2300 2400 2500 2600 2700 2800 2900 3000 3100 3200 3300 3400 3500 3600 3700 3800 3900 4000 4100 4200 4300 4400 4500 4600 4700 4800 4900 5000 5100 5200 5300 5400 5500 5600 5700 5800 5900 6000 6100 6200 6300 6400 6500 6600 6700 6800 6900 7000 7100 7200 7300 7400 7500 7600 7700 7800 7900 8000 8100 8200 8300 8400 8500 8600 8700 8800 8900 9000 9100 9200 9300 9400 9500 9600 9700 9800 9900 
[DEBUG] Duration:  173.667686939 seconds.

[MODEL, SAMPLE]: Data/Models/gist-10000-1-c128.model Data/Samples/gist-10000-5.test
[RESULT]  [(2, 0.01727), (4, 0.03022), (8, 0.05268), (16, 0.090705), (32, 0.151654), (64, 0.242311), (128, 0.363802), (256, 0.509101), (512, 0.657709), (1024, 0.787435), (2048, 0.88544), (4096, 0.950698), (8192, 0.990799), (16384, 1.0)]

[INFO] FINISHED MODEL [ Data/Models/gist-10000-1-c128.model ] WITH RESULTS:
('Data/Models/gist-10000-1-c128.model', [('Data/Samples/gist-10000-1.test', [(2, 0.000269), (4, 0.000394), (8, 0.000681), (16, 0.001693), (32, 0.003735), (64, 0.00742), (128, 0.014125), (256, 0.027373), (512, 0.054003), (1024, 0.108948), (2048, 0.225027), (4096, 0.413995), (8192, 0.818623), (16384, 1.0)]), ('Data/Samples/gist-10000-2.test', [(2, 0.000166), (4, 0.00037), (8, 0.000631), (16, 0.001318), (32, 0.003219), (64, 0.006197), (128, 0.013166), (256, 0.027109), (512, 0.055217), (1024, 0.110318), (2048, 0.222363), (4096, 0.407734), (8192, 0.796697), (16384, 1.0)]), ('Data/Samples/gist-10000-3.test', [(2, 0.000426), (4, 0.000853), (8, 0.001558), (16, 0.002977), (32, 0.005492), (64, 0.011076), (128, 0.020599), (256, 0.034277), (512, 0.059456), (1024, 0.115948), (2048, 0.230518), (4096, 0.413703), (8192, 0.792455), (16384, 1.0)]), ('Data/Samples/gist-10000-4.test', [(2, 0.008523), (4, 0.013208), (8, 0.021028), (16, 0.033733), (32, 0.05492), (64, 0.08903), (128, 0.139969), (256, 0.21359), (512, 0.31465), (1024, 0.439699), (2048, 0.574947), (4096, 0.701439), (8192, 0.880943), (16384, 1.0)]), ('Data/Samples/gist-10000-5.test', [(2, 0.01727), (4, 0.03022), (8, 0.05268), (16, 0.090705), (32, 0.151654), (64, 0.242311), (128, 0.363802), (256, 0.509101), (512, 0.657709), (1024, 0.787435), (2048, 0.88544), (4096, 0.950698), (8192, 0.990799), (16384, 1.0)])])
===========================================
[DEBUG] Model => Data/Models/gist-10000-1-c256.model
[DEBUG] Sample =>Data/Samples/gist-10000-1.test
[DEBUG] Setting up nn data structure (sample) ...
[DEBUG] Finding actual nn ...
[DEBUG] Setting up nn data structure (bits) ...
[DEBUG] Finding approximated nn (bits) ...
[DEBUG] Building reverse index ...
[DEBUG] Process (t:10000): 0 100 200 300 400 500 600 700 800 900 1000 1100 1200 1300 1400 1500 1600 1700 1800 1900 2000 2100 2200 2300 2400 2500 2600 2700 2800 2900 3000 3100 3200 3300 3400 3500 3600 3700 3800 3900 4000 4100 4200 4300 4400 4500 4600 4700 4800 4900 5000 5100 5200 5300 5400 5500 5600 5700 5800 5900 6000 6100 6200 6300 6400 6500 6600 6700 6800 6900 7000 7100 7200 7300 7400 7500 7600 7700 7800 7900 8000 8100 8200 8300 8400 8500 8600 8700 8800 8900 9000 9100 9200 9300 9400 9500 9600 9700 9800 9900 
[DEBUG] Duration:  604.346771002 seconds.

[MODEL, SAMPLE]: Data/Models/gist-10000-1-c256.model Data/Samples/gist-10000-1.test
[RESULT]  [(2, 0.000269), (4, 0.000394), (8, 0.000681), (16, 0.001693), (32, 0.003735), (64, 0.00742), (128, 0.014125), (256, 0.027373), (512, 0.054003), (1024, 0.108948), (2048, 0.225027), (4096, 0.413995), (8192, 0.818623), (16384, 1.0)]

[DEBUG] Sample =>Data/Samples/gist-10000-2.test
[DEBUG] Setting up nn data structure (sample) ...
[DEBUG] Finding actual nn ...
[DEBUG] Setting up nn data structure (bits) ...
[DEBUG] Finding approximated nn (bits) ...
[DEBUG] Building reverse index ...
[DEBUG] Process (t:10000): 0 100 200 300 400 500 600 700 800 900 1000 1100 1200 1300 1400 1500 1600 1700 1800 1900 2000 2100 2200 2300 2400 2500 2600 2700 2800 2900 3000 3100 3200 3300 3400 3500 3600 3700 3800 3900 4000 4100 4200 4300 4400 4500 4600 4700 4800 4900 5000 5100 5200 5300 5400 5500 5600 5700 5800 5900 6000 6100 6200 6300 6400 6500 6600 6700 6800 6900 7000 7100 7200 7300 7400 7500 7600 7700 7800 7900 8000 8100 8200 8300 8400 8500 8600 8700 8800 8900 9000 9100 9200 9300 9400 9500 9600 9700 9800 9900 
[DEBUG] Duration:  615.005715132 seconds.

[MODEL, SAMPLE]: Data/Models/gist-10000-1-c256.model Data/Samples/gist-10000-2.test
[RESULT]  [(2, 0.000166), (4, 0.00037), (8, 0.000631), (16, 0.001318), (32, 0.003219), (64, 0.006197), (128, 0.013166), (256, 0.027109), (512, 0.055217), (1024, 0.110318), (2048, 0.222363), (4096, 0.407734), (8192, 0.796697), (16384, 1.0)]

[DEBUG] Sample =>Data/Samples/gist-10000-3.test
[DEBUG] Setting up nn data structure (sample) ...
[DEBUG] Finding actual nn ...
[DEBUG] Setting up nn data structure (bits) ...
[DEBUG] Finding approximated nn (bits) ...
[DEBUG] Building reverse index ...
[DEBUG] Process (t:10000): 0 100 200 300 400 500 600 700 800 900 1000 1100 1200 1300 1400 1500 1600 1700 1800 1900 2000 2100 2200 2300 2400 2500 2600 2700 2800 2900 3000 3100 3200 3300 3400 3500 3600 3700 3800 3900 4000 4100 4200 4300 4400 4500 4600 4700 4800 4900 5000 5100 5200 5300 5400 5500 5600 5700 5800 5900 6000 6100 6200 6300 6400 6500 6600 6700 6800 6900 7000 7100 7200 7300 7400 7500 7600 7700 7800 7900 8000 8100 8200 8300 8400 8500 8600 8700 8800 8900 9000 9100 9200 9300 9400 9500 9600 9700 9800 9900 
[DEBUG] Duration:  603.306166172 seconds.

[MODEL, SAMPLE]: Data/Models/gist-10000-1-c256.model Data/Samples/gist-10000-3.test
[RESULT]  [(2, 0.001285), (4, 0.002778), (8, 0.004555), (16, 0.007624), (32, 0.012752), (64, 0.021813), (128, 0.034243), (256, 0.051812), (512, 0.080658), (1024, 0.129187), (2048, 0.232803), (4096, 0.41843), (8192, 0.797596), (16384, 1.0)]

[DEBUG] Sample =>Data/Samples/gist-10000-4.test
[DEBUG] Setting up nn data structure (sample) ...
[DEBUG] Finding actual nn ...
[DEBUG] Setting up nn data structure (bits) ...
[DEBUG] Finding approximated nn (bits) ...
[DEBUG] Building reverse index ...
[DEBUG] Process (t:10000): 0 100 200 300 400 500 600 700 800 900 1000 1100 1200 1300 1400 1500 1600 1700 1800 1900 2000 2100 2200 2300 2400 2500 2600 2700 2800 2900 3000 3100 3200 3300 3400 3500 3600 3700 3800 3900 4000 4100 4200 4300 4400 4500 4600 4700 4800 4900 5000 5100 5200 5300 5400 5500 5600 5700 5800 5900 6000 6100 6200 6300 6400 6500 6600 6700 6800 6900 7000 7100 7200 7300 7400 7500 7600 7700 7800 7900 8000 8100 8200 8300 8400 8500 8600 8700 8800 8900 9000 9100 9200 9300 9400 9500 9600 9700 9800 9900 
[DEBUG] Duration:  318.354100943 seconds.

[MODEL, SAMPLE]: Data/Models/gist-10000-1-c256.model Data/Samples/gist-10000-4.test
[RESULT]  [(2, 0.012894), (4, 0.02072), (8, 0.034179), (16, 0.056961), (32, 0.094279), (64, 0.152352), (128, 0.235261), (256, 0.343713), (512, 0.470965), (1024, 0.598728), (2048, 0.714234), (4096, 0.801079), (8192, 0.930004), (16384, 1.0)]

[DEBUG] Sample =>Data/Samples/gist-10000-5.test
[DEBUG] Setting up nn data structure (sample) ...
[DEBUG] Finding actual nn ...
[DEBUG] Setting up nn data structure (bits) ...
[DEBUG] Finding approximated nn (bits) ...
[DEBUG] Building reverse index ...
[DEBUG] Process (t:10000): 0 100 200 300 400 500 600 700 800 900 1000 1100 1200 1300 1400 1500 1600 1700 1800 1900 2000 2100 2200 2300 2400 2500 2600 2700 2800 2900 3000 3100 3200 3300 3400 3500 3600 3700 3800 3900 4000 4100 4200 4300 4400 4500 4600 4700 4800 4900 5000 5100 5200 5300 5400 5500 5600 5700 5800 5900 6000 6100 6200 6300 6400 6500 6600 6700 6800 6900 7000 7100 7200 7300 7400 7500 7600 7700 7800 7900 8000 8100 8200 8300 8400 8500 8600 8700 8800 8900 9000 9100 9200 9300 9400 9500 9600 9700 9800 9900 
[DEBUG] Duration:  170.106068134 seconds.

[MODEL, SAMPLE]: Data/Models/gist-10000-1-c256.model Data/Samples/gist-10000-5.test
[RESULT]  [(2, 0.018816), (4, 0.034922), (8, 0.064063), (16, 0.114237), (32, 0.19495), (64, 0.3126), (128, 0.460428), (256, 0.616991), (512, 0.752963), (1024, 0.85562), (2048, 0.926324), (4096, 0.972005), (8192, 0.997242), (16384, 1.0)]

[INFO] FINISHED MODEL [ Data/Models/gist-10000-1-c256.model ] WITH RESULTS:
('Data/Models/gist-10000-1-c256.model', [('Data/Samples/gist-10000-1.test', [(2, 0.000269), (4, 0.000394), (8, 0.000681), (16, 0.001693), (32, 0.003735), (64, 0.00742), (128, 0.014125), (256, 0.027373), (512, 0.054003), (1024, 0.108948), (2048, 0.225027), (4096, 0.413995), (8192, 0.818623), (16384, 1.0)]), ('Data/Samples/gist-10000-2.test', [(2, 0.000166), (4, 0.00037), (8, 0.000631), (16, 0.001318), (32, 0.003219), (64, 0.006197), (128, 0.013166), (256, 0.027109), (512, 0.055217), (1024, 0.110318), (2048, 0.222363), (4096, 0.407734), (8192, 0.796697), (16384, 1.0)]), ('Data/Samples/gist-10000-3.test', [(2, 0.001285), (4, 0.002778), (8, 0.004555), (16, 0.007624), (32, 0.012752), (64, 0.021813), (128, 0.034243), (256, 0.051812), (512, 0.080658), (1024, 0.129187), (2048, 0.232803), (4096, 0.41843), (8192, 0.797596), (16384, 1.0)]), ('Data/Samples/gist-10000-4.test', [(2, 0.012894), (4, 0.02072), (8, 0.034179), (16, 0.056961), (32, 0.094279), (64, 0.152352), (128, 0.235261), (256, 0.343713), (512, 0.470965), (1024, 0.598728), (2048, 0.714234), (4096, 0.801079), (8192, 0.930004), (16384, 1.0)]), ('Data/Samples/gist-10000-5.test', [(2, 0.018816), (4, 0.034922), (8, 0.064063), (16, 0.114237), (32, 0.19495), (64, 0.3126), (128, 0.460428), (256, 0.616991), (512, 0.752963), (1024, 0.85562), (2048, 0.926324), (4096, 0.972005), (8192, 0.997242), (16384, 1.0)])])
===========================================

Raw results:
[('Data/Models/gist-10000-1-c8.model', [('Data/Samples/gist-10000-1.test', [(2, 0.000269), (4, 0.000394), (8, 0.000681), (16, 0.001693), (32, 0.003735), (64, 0.00742), (128, 0.014125), (256, 0.027373), (512, 0.054003), (1024, 0.108948), (2048, 0.225027), (4096, 0.413995), (8192, 0.818623), (16384, 1.0)]), ('Data/Samples/gist-10000-2.test', [(2, 0.000166), (4, 0.00037), (8, 0.000631), (16, 0.001318), (32, 0.003219), (64, 0.006197), (128, 0.013166), (256, 0.027109), (512, 0.055217), (1024, 0.110318), (2048, 0.222363), (4096, 0.407734), (8192, 0.796697), (16384, 1.0)]), ('Data/Samples/gist-10000-3.test', [(2, 0.000151), (4, 0.000241), (8, 0.000728), (16, 0.00159), (32, 0.003418), (64, 0.006409), (128, 0.012255), (256, 0.02521), (512, 0.053795), (1024, 0.111103), (2048, 0.229874), (4096, 0.413075), (8192, 0.792125), (16384, 1.0)]), ('Data/Samples/gist-10000-4.test', [(2, 0.000531), (4, 0.001137), (8, 0.002664), (16, 0.004927), (32, 0.009139), (64, 0.017823), (128, 0.032531), (256, 0.061834), (512, 0.107203), (1024, 0.161756), (2048, 0.261049), (4096, 0.451428), (8192, 0.80731), (16384, 1.0)]), ('Data/Samples/gist-10000-5.test', [(2, 0.001925), (4, 0.003815), (8, 0.007343), (16, 0.013198), (32, 0.024415), (64, 0.045523), (128, 0.080022), (256, 0.137526), (512, 0.224948), (1024, 0.346221), (2048, 0.502164), (4096, 0.644098), (8192, 0.877986), (16384, 1.0)])]), ('Data/Models/gist-10000-1-c16.model', [('Data/Samples/gist-10000-1.test', [(2, 0.000269), (4, 0.000394), (8, 0.000681), (16, 0.001693), (32, 0.003735), (64, 0.00742), (128, 0.014125), (256, 0.027373), (512, 0.054003), (1024, 0.108948), (2048, 0.225027), (4096, 0.413995), (8192, 0.818623), (16384, 1.0)]), ('Data/Samples/gist-10000-2.test', [(2, 0.000166), (4, 0.00037), (8, 0.000631), (16, 0.001318), (32, 0.003219), (64, 0.006197), (128, 0.013166), (256, 0.027109), (512, 0.055217), (1024, 0.110318), (2048, 0.222363), (4096, 0.407734), (8192, 0.796697), (16384, 1.0)]), ('Data/Samples/gist-10000-3.test', [(2, 0.000235), (4, 0.000499), (8, 0.001031), (16, 0.001769), (32, 0.003472), (64, 0.006411), (128, 0.012446), (256, 0.025315), (512, 0.054113), (1024, 0.111191), (2048, 0.229892), (4096, 0.413529), (8192, 0.792125), (16384, 1.0)]), ('Data/Samples/gist-10000-4.test', [(2, 0.000619), (4, 0.001315), (8, 0.002355), (16, 0.004046), (32, 0.007363), (64, 0.014528), (128, 0.028061), (256, 0.051401), (512, 0.089061), (1024, 0.163011), (2048, 0.266755), (4096, 0.458192), (8192, 0.81068), (16384, 1.0)]), ('Data/Samples/gist-10000-5.test', [(2, 0.006035), (4, 0.009596), (8, 0.015158), (16, 0.024468), (32, 0.040516), (64, 0.067439), (128, 0.11117), (256, 0.178456), (512, 0.277902), (1024, 0.414665), (2048, 0.56769), (4096, 0.700637), (8192, 0.897941), (16384, 1.0)])]), ('Data/Models/gist-10000-1-c32.model', [('Data/Samples/gist-10000-1.test', [(2, 0.000269), (4, 0.000394), (8, 0.000681), (16, 0.001693), (32, 0.003735), (64, 0.00742), (128, 0.014125), (256, 0.027373), (512, 0.054003), (1024, 0.108948), (2048, 0.225027), (4096, 0.413995), (8192, 0.818623), (16384, 1.0)]), ('Data/Samples/gist-10000-2.test', [(2, 0.000166), (4, 0.00037), (8, 0.000631), (16, 0.001318), (32, 0.003219), (64, 0.006197), (128, 0.013166), (256, 0.027109), (512, 0.055217), (1024, 0.110318), (2048, 0.222363), (4096, 0.407734), (8192, 0.796697), (16384, 1.0)]), ('Data/Samples/gist-10000-3.test', [(2, 0.000194), (4, 0.00057), (8, 0.001036), (16, 0.002053), (32, 0.004354), (64, 0.008096), (128, 0.015517), (256, 0.029051), (512, 0.054774), (1024, 0.111761), (2048, 0.230409), (4096, 0.41267), (8192, 0.792485), (16384, 1.0)]), ('Data/Samples/gist-10000-4.test', [(2, 0.002021), (4, 0.003599), (8, 0.006486), (16, 0.011925), (32, 0.021571), (64, 0.038784), (128, 0.065613), (256, 0.107464), (512, 0.170495), (1024, 0.264705), (2048, 0.402633), (4096, 0.562693), (8192, 0.835481), (16384, 1.0)]), ('Data/Samples/gist-10000-5.test', [(2, 0.01124), (4, 0.017227), (8, 0.027389), (16, 0.044616), (32, 0.073146), (64, 0.119444), (128, 0.190365), (256, 0.292583), (512, 0.429518), (1024, 0.587194), (2048, 0.741179), (4096, 0.859699), (8192, 0.95876), (16384, 1.0)])]), ('Data/Models/gist-10000-1-c64.model', [('Data/Samples/gist-10000-1.test', [(2, 0.000269), (4, 0.000394), (8, 0.000681), (16, 0.001693), (32, 0.003735), (64, 0.00742), (128, 0.014125), (256, 0.027373), (512, 0.054003), (1024, 0.108948), (2048, 0.225027), (4096, 0.413995), (8192, 0.818623), (16384, 1.0)]), ('Data/Samples/gist-10000-2.test', [(2, 0.000166), (4, 0.00037), (8, 0.000631), (16, 0.001318), (32, 0.003219), (64, 0.006197), (128, 0.013166), (256, 0.027109), (512, 0.055217), (1024, 0.110318), (2048, 0.222363), (4096, 0.407734), (8192, 0.796697), (16384, 1.0)]), ('Data/Samples/gist-10000-3.test', [(2, 0.00036), (4, 0.000753), (8, 0.001535), (16, 0.002923), (32, 0.005479), (64, 0.009819), (128, 0.019149), (256, 0.034006), (512, 0.05838), (1024, 0.114405), (2048, 0.229551), (4096, 0.413852), (8192, 0.793089), (16384, 1.0)]), ('Data/Samples/gist-10000-4.test', [(2, 0.005512), (4, 0.008799), (8, 0.014217), (16, 0.023385), (32, 0.038292), (64, 0.062867), (128, 0.102042), (256, 0.16017), (512, 0.244622), (1024, 0.359797), (2048, 0.497474), (4096, 0.642487), (8192, 0.853374), (16384, 1.0)]), ('Data/Samples/gist-10000-5.test', [(2, 0.015422), (4, 0.024807), (8, 0.041028), (16, 0.068558), (32, 0.112771), (64, 0.181237), (128, 0.279876), (256, 0.40777), (512, 0.556232), (1024, 0.70293), (2048, 0.828291), (4096, 0.921235), (8192, 0.983448), (16384, 1.0)])]), ('Data/Models/gist-10000-1-c128.model', [('Data/Samples/gist-10000-1.test', [(2, 0.000269), (4, 0.000394), (8, 0.000681), (16, 0.001693), (32, 0.003735), (64, 0.00742), (128, 0.014125), (256, 0.027373), (512, 0.054003), (1024, 0.108948), (2048, 0.225027), (4096, 0.413995), (8192, 0.818623), (16384, 1.0)]), ('Data/Samples/gist-10000-2.test', [(2, 0.000166), (4, 0.00037), (8, 0.000631), (16, 0.001318), (32, 0.003219), (64, 0.006197), (128, 0.013166), (256, 0.027109), (512, 0.055217), (1024, 0.110318), (2048, 0.222363), (4096, 0.407734), (8192, 0.796697), (16384, 1.0)]), ('Data/Samples/gist-10000-3.test', [(2, 0.000426), (4, 0.000853), (8, 0.001558), (16, 0.002977), (32, 0.005492), (64, 0.011076), (128, 0.020599), (256, 0.034277), (512, 0.059456), (1024, 0.115948), (2048, 0.230518), (4096, 0.413703), (8192, 0.792455), (16384, 1.0)]), ('Data/Samples/gist-10000-4.test', [(2, 0.008523), (4, 0.013208), (8, 0.021028), (16, 0.033733), (32, 0.05492), (64, 0.08903), (128, 0.139969), (256, 0.21359), (512, 0.31465), (1024, 0.439699), (2048, 0.574947), (4096, 0.701439), (8192, 0.880943), (16384, 1.0)]), ('Data/Samples/gist-10000-5.test', [(2, 0.01727), (4, 0.03022), (8, 0.05268), (16, 0.090705), (32, 0.151654), (64, 0.242311), (128, 0.363802), (256, 0.509101), (512, 0.657709), (1024, 0.787435), (2048, 0.88544), (4096, 0.950698), (8192, 0.990799), (16384, 1.0)])]), ('Data/Models/gist-10000-1-c256.model', [('Data/Samples/gist-10000-1.test', [(2, 0.000269), (4, 0.000394), (8, 0.000681), (16, 0.001693), (32, 0.003735), (64, 0.00742), (128, 0.014125), (256, 0.027373), (512, 0.054003), (1024, 0.108948), (2048, 0.225027), (4096, 0.413995), (8192, 0.818623), (16384, 1.0)]), ('Data/Samples/gist-10000-2.test', [(2, 0.000166), (4, 0.00037), (8, 0.000631), (16, 0.001318), (32, 0.003219), (64, 0.006197), (128, 0.013166), (256, 0.027109), (512, 0.055217), (1024, 0.110318), (2048, 0.222363), (4096, 0.407734), (8192, 0.796697), (16384, 1.0)]), ('Data/Samples/gist-10000-3.test', [(2, 0.001285), (4, 0.002778), (8, 0.004555), (16, 0.007624), (32, 0.012752), (64, 0.021813), (128, 0.034243), (256, 0.051812), (512, 0.080658), (1024, 0.129187), (2048, 0.232803), (4096, 0.41843), (8192, 0.797596), (16384, 1.0)]), ('Data/Samples/gist-10000-4.test', [(2, 0.012894), (4, 0.02072), (8, 0.034179), (16, 0.056961), (32, 0.094279), (64, 0.152352), (128, 0.235261), (256, 0.343713), (512, 0.470965), (1024, 0.598728), (2048, 0.714234), (4096, 0.801079), (8192, 0.930004), (16384, 1.0)]), ('Data/Samples/gist-10000-5.test', [(2, 0.018816), (4, 0.034922), (8, 0.064063), (16, 0.114237), (32, 0.19495), (64, 0.3126), (128, 0.460428), (256, 0.616991), (512, 0.752963), (1024, 0.85562), (2048, 0.926324), (4096, 0.972005), (8192, 0.997242), (16384, 1.0)])])]

MODEL: Data/Models/gist-10000-1-c8.model:
SAMPLE Data/Samples/gist-10000-1.test: [(2, 0.000269), (4, 0.000394), (8, 0.000681), (16, 0.001693), (32, 0.003735), (64, 0.00742), (128, 0.014125), (256, 0.027373), (512, 0.054003), (1024, 0.108948), (2048, 0.225027), (4096, 0.413995), (8192, 0.818623), (16384, 1.0)]
SAMPLE Data/Samples/gist-10000-2.test: [(2, 0.000166), (4, 0.00037), (8, 0.000631), (16, 0.001318), (32, 0.003219), (64, 0.006197), (128, 0.013166), (256, 0.027109), (512, 0.055217), (1024, 0.110318), (2048, 0.222363), (4096, 0.407734), (8192, 0.796697), (16384, 1.0)]
SAMPLE Data/Samples/gist-10000-3.test: [(2, 0.000151), (4, 0.000241), (8, 0.000728), (16, 0.00159), (32, 0.003418), (64, 0.006409), (128, 0.012255), (256, 0.02521), (512, 0.053795), (1024, 0.111103), (2048, 0.229874), (4096, 0.413075), (8192, 0.792125), (16384, 1.0)]
SAMPLE Data/Samples/gist-10000-4.test: [(2, 0.000531), (4, 0.001137), (8, 0.002664), (16, 0.004927), (32, 0.009139), (64, 0.017823), (128, 0.032531), (256, 0.061834), (512, 0.107203), (1024, 0.161756), (2048, 0.261049), (4096, 0.451428), (8192, 0.80731), (16384, 1.0)]
SAMPLE Data/Samples/gist-10000-5.test: [(2, 0.001925), (4, 0.003815), (8, 0.007343), (16, 0.013198), (32, 0.024415), (64, 0.045523), (128, 0.080022), (256, 0.137526), (512, 0.224948), (1024, 0.346221), (2048, 0.502164), (4096, 0.644098), (8192, 0.877986), (16384, 1.0)]
MODEL: Data/Models/gist-10000-1-c16.model:
SAMPLE Data/Samples/gist-10000-1.test: [(2, 0.000269), (4, 0.000394), (8, 0.000681), (16, 0.001693), (32, 0.003735), (64, 0.00742), (128, 0.014125), (256, 0.027373), (512, 0.054003), (1024, 0.108948), (2048, 0.225027), (4096, 0.413995), (8192, 0.818623), (16384, 1.0)]
SAMPLE Data/Samples/gist-10000-2.test: [(2, 0.000166), (4, 0.00037), (8, 0.000631), (16, 0.001318), (32, 0.003219), (64, 0.006197), (128, 0.013166), (256, 0.027109), (512, 0.055217), (1024, 0.110318), (2048, 0.222363), (4096, 0.407734), (8192, 0.796697), (16384, 1.0)]
SAMPLE Data/Samples/gist-10000-3.test: [(2, 0.000235), (4, 0.000499), (8, 0.001031), (16, 0.001769), (32, 0.003472), (64, 0.006411), (128, 0.012446), (256, 0.025315), (512, 0.054113), (1024, 0.111191), (2048, 0.229892), (4096, 0.413529), (8192, 0.792125), (16384, 1.0)]
SAMPLE Data/Samples/gist-10000-4.test: [(2, 0.000619), (4, 0.001315), (8, 0.002355), (16, 0.004046), (32, 0.007363), (64, 0.014528), (128, 0.028061), (256, 0.051401), (512, 0.089061), (1024, 0.163011), (2048, 0.266755), (4096, 0.458192), (8192, 0.81068), (16384, 1.0)]
SAMPLE Data/Samples/gist-10000-5.test: [(2, 0.006035), (4, 0.009596), (8, 0.015158), (16, 0.024468), (32, 0.040516), (64, 0.067439), (128, 0.11117), (256, 0.178456), (512, 0.277902), (1024, 0.414665), (2048, 0.56769), (4096, 0.700637), (8192, 0.897941), (16384, 1.0)]
MODEL: Data/Models/gist-10000-1-c32.model:
SAMPLE Data/Samples/gist-10000-1.test: [(2, 0.000269), (4, 0.000394), (8, 0.000681), (16, 0.001693), (32, 0.003735), (64, 0.00742), (128, 0.014125), (256, 0.027373), (512, 0.054003), (1024, 0.108948), (2048, 0.225027), (4096, 0.413995), (8192, 0.818623), (16384, 1.0)]
SAMPLE Data/Samples/gist-10000-2.test: [(2, 0.000166), (4, 0.00037), (8, 0.000631), (16, 0.001318), (32, 0.003219), (64, 0.006197), (128, 0.013166), (256, 0.027109), (512, 0.055217), (1024, 0.110318), (2048, 0.222363), (4096, 0.407734), (8192, 0.796697), (16384, 1.0)]
SAMPLE Data/Samples/gist-10000-3.test: [(2, 0.000194), (4, 0.00057), (8, 0.001036), (16, 0.002053), (32, 0.004354), (64, 0.008096), (128, 0.015517), (256, 0.029051), (512, 0.054774), (1024, 0.111761), (2048, 0.230409), (4096, 0.41267), (8192, 0.792485), (16384, 1.0)]
SAMPLE Data/Samples/gist-10000-4.test: [(2, 0.002021), (4, 0.003599), (8, 0.006486), (16, 0.011925), (32, 0.021571), (64, 0.038784), (128, 0.065613), (256, 0.107464), (512, 0.170495), (1024, 0.264705), (2048, 0.402633), (4096, 0.562693), (8192, 0.835481), (16384, 1.0)]
SAMPLE Data/Samples/gist-10000-5.test: [(2, 0.01124), (4, 0.017227), (8, 0.027389), (16, 0.044616), (32, 0.073146), (64, 0.119444), (128, 0.190365), (256, 0.292583), (512, 0.429518), (1024, 0.587194), (2048, 0.741179), (4096, 0.859699), (8192, 0.95876), (16384, 1.0)]
MODEL: Data/Models/gist-10000-1-c64.model:
SAMPLE Data/Samples/gist-10000-1.test: [(2, 0.000269), (4, 0.000394), (8, 0.000681), (16, 0.001693), (32, 0.003735), (64, 0.00742), (128, 0.014125), (256, 0.027373), (512, 0.054003), (1024, 0.108948), (2048, 0.225027), (4096, 0.413995), (8192, 0.818623), (16384, 1.0)]
SAMPLE Data/Samples/gist-10000-2.test: [(2, 0.000166), (4, 0.00037), (8, 0.000631), (16, 0.001318), (32, 0.003219), (64, 0.006197), (128, 0.013166), (256, 0.027109), (512, 0.055217), (1024, 0.110318), (2048, 0.222363), (4096, 0.407734), (8192, 0.796697), (16384, 1.0)]
SAMPLE Data/Samples/gist-10000-3.test: [(2, 0.00036), (4, 0.000753), (8, 0.001535), (16, 0.002923), (32, 0.005479), (64, 0.009819), (128, 0.019149), (256, 0.034006), (512, 0.05838), (1024, 0.114405), (2048, 0.229551), (4096, 0.413852), (8192, 0.793089), (16384, 1.0)]
SAMPLE Data/Samples/gist-10000-4.test: [(2, 0.005512), (4, 0.008799), (8, 0.014217), (16, 0.023385), (32, 0.038292), (64, 0.062867), (128, 0.102042), (256, 0.16017), (512, 0.244622), (1024, 0.359797), (2048, 0.497474), (4096, 0.642487), (8192, 0.853374), (16384, 1.0)]
SAMPLE Data/Samples/gist-10000-5.test: [(2, 0.015422), (4, 0.024807), (8, 0.041028), (16, 0.068558), (32, 0.112771), (64, 0.181237), (128, 0.279876), (256, 0.40777), (512, 0.556232), (1024, 0.70293), (2048, 0.828291), (4096, 0.921235), (8192, 0.983448), (16384, 1.0)]
MODEL: Data/Models/gist-10000-1-c128.model:
SAMPLE Data/Samples/gist-10000-1.test: [(2, 0.000269), (4, 0.000394), (8, 0.000681), (16, 0.001693), (32, 0.003735), (64, 0.00742), (128, 0.014125), (256, 0.027373), (512, 0.054003), (1024, 0.108948), (2048, 0.225027), (4096, 0.413995), (8192, 0.818623), (16384, 1.0)]
SAMPLE Data/Samples/gist-10000-2.test: [(2, 0.000166), (4, 0.00037), (8, 0.000631), (16, 0.001318), (32, 0.003219), (64, 0.006197), (128, 0.013166), (256, 0.027109), (512, 0.055217), (1024, 0.110318), (2048, 0.222363), (4096, 0.407734), (8192, 0.796697), (16384, 1.0)]
SAMPLE Data/Samples/gist-10000-3.test: [(2, 0.000426), (4, 0.000853), (8, 0.001558), (16, 0.002977), (32, 0.005492), (64, 0.011076), (128, 0.020599), (256, 0.034277), (512, 0.059456), (1024, 0.115948), (2048, 0.230518), (4096, 0.413703), (8192, 0.792455), (16384, 1.0)]
SAMPLE Data/Samples/gist-10000-4.test: [(2, 0.008523), (4, 0.013208), (8, 0.021028), (16, 0.033733), (32, 0.05492), (64, 0.08903), (128, 0.139969), (256, 0.21359), (512, 0.31465), (1024, 0.439699), (2048, 0.574947), (4096, 0.701439), (8192, 0.880943), (16384, 1.0)]
SAMPLE Data/Samples/gist-10000-5.test: [(2, 0.01727), (4, 0.03022), (8, 0.05268), (16, 0.090705), (32, 0.151654), (64, 0.242311), (128, 0.363802), (256, 0.509101), (512, 0.657709), (1024, 0.787435), (2048, 0.88544), (4096, 0.950698), (8192, 0.990799), (16384, 1.0)]
MODEL: Data/Models/gist-10000-1-c256.model:
SAMPLE Data/Samples/gist-10000-1.test: [(2, 0.000269), (4, 0.000394), (8, 0.000681), (16, 0.001693), (32, 0.003735), (64, 0.00742), (128, 0.014125), (256, 0.027373), (512, 0.054003), (1024, 0.108948), (2048, 0.225027), (4096, 0.413995), (8192, 0.818623), (16384, 1.0)]
SAMPLE Data/Samples/gist-10000-2.test: [(2, 0.000166), (4, 0.00037), (8, 0.000631), (16, 0.001318), (32, 0.003219), (64, 0.006197), (128, 0.013166), (256, 0.027109), (512, 0.055217), (1024, 0.110318), (2048, 0.222363), (4096, 0.407734), (8192, 0.796697), (16384, 1.0)]
SAMPLE Data/Samples/gist-10000-3.test: [(2, 0.001285), (4, 0.002778), (8, 0.004555), (16, 0.007624), (32, 0.012752), (64, 0.021813), (128, 0.034243), (256, 0.051812), (512, 0.080658), (1024, 0.129187), (2048, 0.232803), (4096, 0.41843), (8192, 0.797596), (16384, 1.0)]
SAMPLE Data/Samples/gist-10000-4.test: [(2, 0.012894), (4, 0.02072), (8, 0.034179), (16, 0.056961), (32, 0.094279), (64, 0.152352), (128, 0.235261), (256, 0.343713), (512, 0.470965), (1024, 0.598728), (2048, 0.714234), (4096, 0.801079), (8192, 0.930004), (16384, 1.0)]
SAMPLE Data/Samples/gist-10000-5.test: [(2, 0.018816), (4, 0.034922), (8, 0.064063), (16, 0.114237), (32, 0.19495), (64, 0.3126), (128, 0.460428), (256, 0.616991), (512, 0.752963), (1024, 0.85562), (2048, 0.926324), (4096, 0.972005), (8192, 0.997242), (16384, 1.0)]
