normalizing
starting
hypersphere
oij
oij done
Iteration #1
mean:	(558.0 => 250.0)
stddev:	(0.0 => 375.0)
Iteration time:	0.445023059845 seconds
==============================
Iteration #2
mean:	(396.0 => 250.0)
stddev:	(0.0 => 375.0)
Iteration time:	0.442682027817 seconds
==============================
Iteration #3
mean:	(282.0 => 250.0)
stddev:	(0.0 => 375.0)
Iteration time:	0.444780111313 seconds
==============================
Iteration #4
mean:	(201.0 => 250.0)
stddev:	(0.0 => 375.0)
Iteration time:	0.443950891495 seconds
==============================
Total runningtime: 1.77645206451
