Iteration #1
mean:   (414.813484252 => 250.0)
stddev: (474.126148231 => 375.0)
Iteration time: 46.0745670795 seconds
==============================
Iteration #2
mean:   (380.687253937 => 250.0)
stddev: (435.165150097 => 375.0)
Iteration time: 46.5132789612 seconds
==============================
Iteration #3
mean:   (353.507750984 => 250.0)
stddev: (404.282728269 => 375.0)
Iteration time: 44.6807210445 seconds
==============================
Iteration #4
mean:   (331.058809055 => 250.0)
stddev: (379.446390129 => 375.0)
Iteration time: 44.809910059 seconds
==============================
Iteration #5
mean:   (312.034079724 => 250.0)
stddev: (358.670335269 => 375.0)
Iteration time: 46.6075158119 seconds
==============================
Iteration #6
mean:   (295.516609252 => 250.0)
stddev: (341.21772888 => 375.0)
Iteration time: 45.6828818321 seconds
==============================
Iteration #7
mean:   (281.432209646 => 250.0)
stddev: (326.455129257 => 375.0)
Iteration time: 44.740901947 seconds
==============================
Iteration #8
mean:   (269.102977362 => 250.0)
stddev: (313.714169611 => 375.0)
Iteration time: 45.3462908268 seconds
==============================
Iteration #9
mean:   (258.169168307 => 250.0)
stddev: (302.428328747 => 375.0)
Iteration time: 45.6833469868 seconds
==============================
Iteration #10
mean:   (248.639148622 => 250.0)
stddev: (292.779717573 => 375.0)
Iteration time: 45.873593092 seconds
==============================
Total runningtime: 456.013075113
