e
oij
oij done
Iteration #1
mean:   (402.94593254 => 250.0)
stddev: (452.422764371 => 375.0)
Iteration time: 14.3147220612 seconds
==============================
Iteration #2
mean:   (371.0625 => 250.0)
stddev: (416.524266113 => 375.0)
Iteration time: 14.0147271156 seconds
==============================
Iteration #3
mean:   (345.535218254 => 250.0)
stddev: (388.768346222 => 375.0)
Iteration time: 14.8846728802 seconds
==============================
Iteration #4
mean:   (324.277777778 => 250.0)
stddev: (365.528755654 => 375.0)
Iteration time: 14.2253758907 seconds
==============================
Iteration #5
mean:   (306.004464286 => 250.0)
stddev: (346.273623215 => 375.0)
Iteration time: 14.2375059128 seconds
==============================
Iteration #6
mean:   (290.450396825 => 250.0)
stddev: (329.840115121 => 375.0)
Iteration time: 14.7563579082 seconds
==============================
Iteration #7
mean:   (276.478670635 => 250.0)
stddev: (315.672853178 => 375.0)
Iteration time: 14.4901239872 seconds
==============================
Iteration #8
mean:   (264.520833333 => 250.0)
stddev: (303.473780176 => 375.0)
Iteration time: 14.2619009018 seconds
==============================
Iteration #9
mean:   (254.303571429 => 250.0)
stddev: (293.199613595 => 375.0)
Iteration time: 14.3605179787 seconds
==============================
Iteration #10
mean:   (244.949900794 => 250.0)
stddev: (283.72076059 => 375.0)
Iteration time: 14.0578329563 seconds
==============================
Total runningtime: 143.603801012
