normalizing
starting
hypersphere
oij
oij done
Iteration #1
mean:	(2500.0 => 250.0)
stddev:	(2499.82283953 => 375.0)
Iteration time:	20.8860731125 seconds
==============================
Iteration #2
mean:	(2500.0 => 250.0)
stddev:	(2499.82283953 => 375.0)
Iteration time:	21.1776618958 seconds
==============================
Iteration #3
mean:	(2491.5014881 => 250.0)
stddev:	(2491.39279986 => 375.0)
Iteration time:	20.8285989761 seconds
==============================
Iteration #4
mean:	(1309.20386905 => 250.0)
stddev:	(1285.21879476 => 375.0)
Iteration time:	21.050894022 seconds
==============================
Iteration #5
mean:	(1071.90178571 => 250.0)
stddev:	(1050.79940944 => 375.0)
Iteration time:	21.0305240154 seconds
==============================
Iteration #6
mean:	(994.64781746 => 250.0)
stddev:	(1082.30092213 => 375.0)
Iteration time:	20.9622850418 seconds
==============================
Iteration #7
mean:	(964.109623016 => 250.0)
stddev:	(1051.7946876 => 375.0)
Iteration time:	20.9957821369 seconds
==============================
Iteration #8
mean:	(927.186011905 => 250.0)
stddev:	(1014.98072881 => 375.0)
Iteration time:	20.9566588402 seconds
==============================
Iteration #9
mean:	(872.874007937 => 250.0)
stddev:	(966.431610183 => 375.0)
Iteration time:	21.0219089985 seconds
==============================
Iteration #10
mean:	(805.299603175 => 250.0)
stddev:	(906.437934471 => 375.0)
Iteration time:	20.9846448898 seconds
==============================
Iteration #11
mean:	(730.058035714 => 250.0)
stddev:	(838.551257561 => 375.0)
Iteration time:	20.8837850094 seconds
==============================
Iteration #12
mean:	(648.107638889 => 250.0)
stddev:	(760.092712763 => 375.0)
Iteration time:	20.8965849876 seconds
==============================
Iteration #13
mean:	(570.308035714 => 250.0)
stddev:	(678.337887056 => 375.0)
Iteration time:	20.9221708775 seconds
==============================
Iteration #14
mean:	(499.167162698 => 250.0)
stddev:	(602.243742488 => 375.0)
Iteration time:	20.8573920727 seconds
==============================
Iteration #15
mean:	(438.098214286 => 250.0)
stddev:	(534.850128258 => 375.0)
Iteration time:	20.8977770805 seconds
==============================
Iteration #16
mean:	(387.02281746 => 250.0)
stddev:	(477.651920382 => 375.0)
Iteration time:	20.8610138893 seconds
==============================
Iteration #17
mean:	(346.319940476 => 250.0)
stddev:	(429.686616129 => 375.0)
Iteration time:	20.8100688457 seconds
==============================
Iteration #18
mean:	(313.442956349 => 250.0)
stddev:	(390.482259881 => 375.0)
Iteration time:	20.9016940594 seconds
==============================
Iteration #19
mean:	(285.098710317 => 250.0)
stddev:	(357.649032661 => 375.0)
Iteration time:	20.9361109734 seconds
==============================
Iteration #20
mean:	(261.56547619 => 250.0)
stddev:	(328.983062235 => 375.0)
Iteration time:	20.8530731201 seconds
==============================
Iteration #21
mean:	(241.952876984 => 250.0)
stddev:	(305.857070234 => 375.0)
Iteration time:	20.862033844 seconds
==============================
Total runningtime: 439.576822996
